2021-09-23 00:00:15.828 +06:00 [INF] Application Starting up
2021-09-23 00:00:21.234 +06:00 [ERR] An unhandled exception has occurred while executing the request.
Autofac.Core.DependencyResolutionException: An exception was thrown while activating DataImporter.Web.Models.GoogleReCaptcha.GoogleReCaptchaService.
 ---> Autofac.Core.DependencyResolutionException: None of the constructors found with 'Autofac.Core.Activators.Reflection.DefaultConstructorFinder' on type 'DataImporter.Web.Models.GoogleReCaptcha.GoogleReCaptchaService' can be invoked with the available services and parameters:
Cannot resolve parameter 'System.Net.Http.HttpClient client' of constructor 'Void .ctor(Microsoft.Extensions.Options.IOptions`1[DataImporter.Web.Models.GoogleReCaptcha.IReCaptchaSettings], System.Net.Http.HttpClient)'.
   at Autofac.Core.Activators.Reflection.ReflectionActivator.GetAllBindings(ConstructorBinder[] availableConstructors, IComponentContext context, IEnumerable`1 parameters)
   at Autofac.Core.Activators.Reflection.ReflectionActivator.ActivateInstance(IComponentContext context, IEnumerable`1 parameters)
   at Autofac.Core.Activators.Reflection.ReflectionActivator.<ConfigurePipeline>b__11_0(ResolveRequestContext ctxt, Action`1 next)
   at Autofac.Core.Resolving.Middleware.DelegateMiddleware.Execute(ResolveRequestContext context, Action`1 next)
   at Autofac.Core.Resolving.Pipeline.ResolvePipelineBuilder.<>c__DisplayClass14_0.<BuildPipeline>b__1(ResolveRequestContext ctxt)
   at Autofac.Core.Resolving.Middleware.DisposalTrackingMiddleware.Execute(ResolveRequestContext context, Action`1 next)
   at Autofac.Core.Resolving.Pipeline.ResolvePipelineBuilder.<>c__DisplayClass14_0.<BuildPipeline>b__1(ResolveRequestContext ctxt)
   at Autofac.Core.Resolving.Middleware.ActivatorErrorHandlingMiddleware.Execute(ResolveRequestContext context, Action`1 next)
   --- End of inner exception stack trace ---
   at Autofac.Core.Resolving.Middleware.ActivatorErrorHandlingMiddleware.Execute(ResolveRequestContext context, Action`1 next)
   at Autofac.Core.Resolving.Pipeline.ResolvePipelineBuilder.<>c__DisplayClass14_0.<BuildPipeline>b__1(ResolveRequestContext ctxt)
   at Autofac.Core.Pipeline.ResolvePipeline.Invoke(ResolveRequestContext ctxt)
   at Autofac.Core.Resolving.Middleware.RegistrationPipelineInvokeMiddleware.Execute(ResolveRequestContext context, Action`1 next)
   at Autofac.Core.Resolving.Pipeline.ResolvePipelineBuilder.<>c__DisplayClass14_0.<BuildPipeline>b__1(ResolveRequestContext ctxt)
   at Autofac.Core.Resolving.Middleware.SharingMiddleware.<>c__DisplayClass5_0.<Execute>b__0()
   at Autofac.Core.Lifetime.LifetimeScope.CreateSharedInstance(Guid id, Func`1 creator)
   at Autofac.Core.Lifetime.LifetimeScope.CreateSharedInstance(Guid primaryId, Nullable`1 qualifyingId, Func`1 creator)
   at Autofac.Core.Resolving.Middleware.SharingMiddleware.Execute(ResolveRequestContext context, Action`1 next)
   at Autofac.Core.Resolving.Pipeline.ResolvePipelineBuilder.<>c__DisplayClass14_0.<BuildPipeline>b__1(ResolveRequestContext ctxt)
   at Autofac.Core.Resolving.Pipeline.ResolvePipelineBuilder.<>c__DisplayClass14_0.<BuildPipeline>b__1(ResolveRequestContext ctxt)
   at Autofac.Core.Resolving.Middleware.CircularDependencyDetectorMiddleware.Execute(ResolveRequestContext context, Action`1 next)
   at Autofac.Core.Resolving.Pipeline.ResolvePipelineBuilder.<>c__DisplayClass14_0.<BuildPipeline>b__1(ResolveRequestContext ctxt)
   at Autofac.Core.Pipeline.ResolvePipeline.Invoke(ResolveRequestContext ctxt)
   at Autofac.Core.Resolving.ResolveOperation.GetOrCreateInstance(ISharingLifetimeScope currentOperationScope, ResolveRequest request)
   at Autofac.Core.Resolving.ResolveOperation.ExecuteOperation(ResolveRequest request)
   at Autofac.Core.Resolving.ResolveOperation.Execute(ResolveRequest request)
   at Autofac.Core.Lifetime.LifetimeScope.ResolveComponent(ResolveRequest request)
   at Autofac.ResolutionExtensions.TryResolveService(IComponentContext context, Service service, IEnumerable`1 parameters, Object& instance)
   at Autofac.ResolutionExtensions.ResolveOptionalService(IComponentContext context, Service service, IEnumerable`1 parameters)
   at Autofac.ResolutionExtensions.ResolveOptional(IComponentContext context, Type serviceType, IEnumerable`1 parameters)
   at Autofac.ResolutionExtensions.ResolveOptional(IComponentContext context, Type serviceType)
   at Autofac.Extensions.DependencyInjection.AutofacServiceProvider.GetService(Type serviceType)
   at Microsoft.Extensions.DependencyInjection.ActivatorUtilities.GetService(IServiceProvider sp, Type type, Type requiredBy, Boolean isDefaultParameterRequired)
   at lambda_method743(Closure , IServiceProvider , Object[] )
   at Microsoft.AspNetCore.Mvc.Controllers.ControllerActivatorProvider.<>c__DisplayClass4_0.<CreateActivator>b__0(ControllerContext controllerContext)
   at Microsoft.AspNetCore.Mvc.Controllers.ControllerFactoryProvider.<>c__DisplayClass5_0.<CreateControllerFactory>g__CreateController|0(ControllerContext controllerContext)
   at Microsoft.AspNetCore.Mvc.Infrastructure.ControllerActionInvoker.Next(State& next, Scope& scope, Object& state, Boolean& isCompleted)
   at Microsoft.AspNetCore.Mvc.Infrastructure.ControllerActionInvoker.InvokeInnerFilterAsync()
--- End of stack trace from previous location ---
   at Microsoft.AspNetCore.Mvc.Infrastructure.ResourceInvoker.<InvokeNextResourceFilter>g__Awaited|24_0(ResourceInvoker invoker, Task lastTask, State next, Scope scope, Object state, Boolean isCompleted)
   at Microsoft.AspNetCore.Mvc.Infrastructure.ResourceInvoker.Rethrow(ResourceExecutedContextSealed context)
   at Microsoft.AspNetCore.Mvc.Infrastructure.ResourceInvoker.Next(State& next, Scope& scope, Object& state, Boolean& isCompleted)
   at Microsoft.AspNetCore.Mvc.Infrastructure.ResourceInvoker.InvokeFilterPipelineAsync()
--- End of stack trace from previous location ---
   at Microsoft.AspNetCore.Mvc.Infrastructure.ResourceInvoker.<InvokeAsync>g__Awaited|17_0(ResourceInvoker invoker, Task task, IDisposable scope)
   at Microsoft.AspNetCore.Routing.EndpointMiddleware.<Invoke>g__AwaitRequestTask|6_0(Endpoint endpoint, Task requestTask, ILogger logger)
   at Microsoft.AspNetCore.Session.SessionMiddleware.Invoke(HttpContext context)
   at Microsoft.AspNetCore.Session.SessionMiddleware.Invoke(HttpContext context)
   at Microsoft.AspNetCore.Authorization.AuthorizationMiddleware.Invoke(HttpContext context)
   at Microsoft.AspNetCore.Authentication.AuthenticationMiddleware.Invoke(HttpContext context)
   at Microsoft.AspNetCore.Diagnostics.EntityFrameworkCore.MigrationsEndPointMiddleware.Invoke(HttpContext context)
   at Microsoft.AspNetCore.Diagnostics.DeveloperExceptionPageMiddleware.Invoke(HttpContext context)
2021-09-23 00:03:00.028 +06:00 [INF] Application Starting up
2021-09-23 00:03:59.433 +06:00 [INF] Application Starting up
2021-09-23 01:00:17.983 +06:00 [INF] Application Starting up
2021-09-23 01:00:48.809 +06:00 [INF] Application Starting up
2021-09-23 01:01:39.425 +06:00 [INF] Application Starting up
2021-09-23 01:02:06.296 +06:00 [INF] Application Starting up
2021-09-23 01:03:05.405 +06:00 [INF] Application Starting up
2021-09-23 01:04:32.821 +06:00 [INF] Application Starting up
2021-09-23 01:07:11.625 +06:00 [INF] Application Starting up
2021-09-23 01:07:42.065 +06:00 [INF] Application Starting up
2021-09-23 01:12:40.996 +06:00 [INF] Application Starting up
2021-09-23 01:13:45.621 +06:00 [INF] Application Starting up
2021-09-23 01:25:42.345 +06:00 [INF] Application Starting up
2021-09-23 01:28:05.874 +06:00 [INF] Application Starting up
2021-09-23 01:29:08.922 +06:00 [INF] Application Starting up
2021-09-23 01:29:33.726 +06:00 [INF] Application Starting up
2021-09-23 01:31:55.826 +06:00 [INF] Application Starting up
2021-09-23 01:34:30.415 +06:00 [INF] Application Starting up
2021-09-23 01:45:48.450 +06:00 [INF] Application Starting up
2021-09-23 02:20:56.265 +06:00 [INF] Application Starting up
2021-09-23 02:22:00.594 +06:00 [INF] Start processing HTTP request POST "https://www.google.com/recaptcha/api/siteverify?secret=6Lf4UoQcAAAAAPGiw0S121dheQznt25gfQ1vUyt2&response=&remoteip=::1"
2021-09-23 02:22:00.601 +06:00 [INF] Sending HTTP request POST "https://www.google.com/recaptcha/api/siteverify?secret=6Lf4UoQcAAAAAPGiw0S121dheQznt25gfQ1vUyt2&response=&remoteip=::1"
2021-09-23 02:22:01.269 +06:00 [INF] Received HTTP response headers after 664.8918ms - 200
2021-09-23 02:22:01.271 +06:00 [INF] End processing HTTP request after 682.5202ms - 200
2021-09-23 02:22:56.511 +06:00 [INF] Application Starting up
2021-09-23 02:23:10.359 +06:00 [INF] Start processing HTTP request POST "https://www.google.com/recaptcha/api/siteverify?secret=6Lf4UoQcAAAAAPGiw0S121dheQznt25gfQ1vUyt2&response=&remoteip=::1"
2021-09-23 02:23:10.363 +06:00 [INF] Sending HTTP request POST "https://www.google.com/recaptcha/api/siteverify?secret=6Lf4UoQcAAAAAPGiw0S121dheQznt25gfQ1vUyt2&response=&remoteip=::1"
2021-09-23 02:23:10.993 +06:00 [INF] Received HTTP response headers after 627.6072ms - 200
2021-09-23 02:23:10.994 +06:00 [INF] End processing HTTP request after 641.0168ms - 200
2021-09-23 04:12:16.153 +06:00 [INF] Application Starting up
2021-09-23 04:12:59.087 +06:00 [INF] Application Starting up
2021-09-23 04:14:14.801 +06:00 [INF] User logged in.
2021-09-23 04:15:51.464 +06:00 [INF] Application Starting up
2021-09-23 04:16:22.980 +06:00 [INF] User logged in.
2021-09-23 04:17:23.825 +06:00 [INF] Application Starting up
2021-09-23 04:23:40.841 +06:00 [INF] Application Starting up
