2021-10-02 00:43:38.584 +06:00 [INF] Application Starting up
2021-10-02 00:43:44.935 +06:00 [INF] User logged in.
2021-10-02 00:44:51.238 +06:00 [INF] Application Starting up
2021-10-02 00:44:58.607 +06:00 [INF] User logged in.
2021-10-02 01:12:13.326 +06:00 [INF] Application Starting up
2021-10-02 01:12:19.354 +06:00 [INF] User logged in.
2021-10-02 01:28:10.610 +06:00 [INF] Application Starting up
2021-10-02 01:28:16.871 +06:00 [INF] User logged in.
2021-10-02 01:31:56.121 +06:00 [INF] Application Starting up
2021-10-02 01:32:01.902 +06:00 [INF] User logged in.
2021-10-02 01:32:16.180 +06:00 [ERR] An unhandled exception has occurred while executing the request.
System.NullReferenceException: Object reference not set to an instance of an object.
   at DataImporter.Importing.Services.ExcelFileService.GetGroupId(Int32 excelLastId) in F:\code\aspnetmvcEXAMAssignment\Devskill-aspnetb5\DataImporter\DataImporter.Importing\Services\ExcelFileService.cs:line 155
   at DataImporter.Web.Models.ExcelData.ExcelFromDatabase.GetGroupId(Int32 excelLastId) in F:\code\aspnetmvcEXAMAssignment\Devskill-aspnetb5\DataImporter\DataImporter.Web\Models\ExcelData\ExcelFromDatabase.cs:line 84
   at DataImporter.Web.Controllers.DashboardController.Download(Int32 ExcelLastId) in F:\code\aspnetmvcEXAMAssignment\Devskill-aspnetb5\DataImporter\DataImporter.Web\Controllers\DashboardController.cs:line 200
   at lambda_method907(Closure , Object , Object[] )
   at Microsoft.AspNetCore.Mvc.Infrastructure.ActionMethodExecutor.SyncActionResultExecutor.Execute(IActionResultTypeMapper mapper, ObjectMethodExecutor executor, Object controller, Object[] arguments)
   at Microsoft.AspNetCore.Mvc.Infrastructure.ControllerActionInvoker.InvokeActionMethodAsync()
   at Microsoft.AspNetCore.Mvc.Infrastructure.ControllerActionInvoker.Next(State& next, Scope& scope, Object& state, Boolean& isCompleted)
   at Microsoft.AspNetCore.Mvc.Infrastructure.ControllerActionInvoker.InvokeNextActionFilterAsync()
--- End of stack trace from previous location ---
   at Microsoft.AspNetCore.Mvc.Infrastructure.ControllerActionInvoker.Rethrow(ActionExecutedContextSealed context)
   at Microsoft.AspNetCore.Mvc.Infrastructure.ControllerActionInvoker.Next(State& next, Scope& scope, Object& state, Boolean& isCompleted)
   at Microsoft.AspNetCore.Mvc.Infrastructure.ControllerActionInvoker.InvokeInnerFilterAsync()
--- End of stack trace from previous location ---
   at Microsoft.AspNetCore.Mvc.Infrastructure.ResourceInvoker.<InvokeNextResourceFilter>g__Awaited|24_0(ResourceInvoker invoker, Task lastTask, State next, Scope scope, Object state, Boolean isCompleted)
   at Microsoft.AspNetCore.Mvc.Infrastructure.ResourceInvoker.Rethrow(ResourceExecutedContextSealed context)
   at Microsoft.AspNetCore.Mvc.Infrastructure.ResourceInvoker.Next(State& next, Scope& scope, Object& state, Boolean& isCompleted)
   at Microsoft.AspNetCore.Mvc.Infrastructure.ResourceInvoker.InvokeFilterPipelineAsync()
--- End of stack trace from previous location ---
   at Microsoft.AspNetCore.Mvc.Infrastructure.ResourceInvoker.<InvokeAsync>g__Awaited|17_0(ResourceInvoker invoker, Task task, IDisposable scope)
   at Microsoft.AspNetCore.Routing.EndpointMiddleware.<Invoke>g__AwaitRequestTask|6_0(Endpoint endpoint, Task requestTask, ILogger logger)
   at Microsoft.AspNetCore.Session.SessionMiddleware.Invoke(HttpContext context)
   at Microsoft.AspNetCore.Session.SessionMiddleware.Invoke(HttpContext context)
   at Microsoft.AspNetCore.Authorization.Policy.AuthorizationMiddlewareResultHandler.HandleAsync(RequestDelegate next, HttpContext context, AuthorizationPolicy policy, PolicyAuthorizationResult authorizeResult)
   at Microsoft.AspNetCore.Authorization.AuthorizationMiddleware.Invoke(HttpContext context)
   at Microsoft.AspNetCore.Authentication.AuthenticationMiddleware.Invoke(HttpContext context)
   at Microsoft.AspNetCore.Diagnostics.EntityFrameworkCore.MigrationsEndPointMiddleware.Invoke(HttpContext context)
   at Microsoft.AspNetCore.Diagnostics.DeveloperExceptionPageMiddleware.Invoke(HttpContext context)
2021-10-02 01:32:20.574 +06:00 [ERR] An exception occurred while calculating the database error page content. Skipping display of the database error page.
System.InvalidOperationException: StatusCode cannot be set because the response has already started.
   at Microsoft.AspNetCore.Server.IIS.Core.IISHttpContext.ThrowResponseAlreadyStartedException(String name)
   at Microsoft.AspNetCore.Server.IIS.Core.IISHttpContext.set_StatusCode(Int32 value)
   at Microsoft.AspNetCore.Diagnostics.EntityFrameworkCore.Views.DatabaseErrorPage.ExecuteAsync()
   at Microsoft.Extensions.RazorViews.BaseView.ExecuteAsync(HttpContext context)
   at Microsoft.AspNetCore.Diagnostics.EntityFrameworkCore.DatabaseDeveloperPageExceptionFilter.HandleExceptionAsync(ErrorContext errorContext, Func`2 next)
2021-10-02 01:33:19.003 +06:00 [INF] Application Starting up
2021-10-02 01:33:25.085 +06:00 [INF] User logged in.
2021-10-02 01:36:01.898 +06:00 [INF] Application Starting up
2021-10-02 01:36:07.669 +06:00 [INF] User logged in.
2021-10-02 01:39:12.006 +06:00 [INF] Application Starting up
2021-10-02 01:39:18.060 +06:00 [INF] User logged in.
2021-10-02 01:43:14.702 +06:00 [INF] Application Starting up
2021-10-02 01:43:30.922 +06:00 [INF] Application Starting up
2021-10-02 01:43:37.345 +06:00 [INF] User logged in.
2021-10-02 01:47:14.367 +06:00 [INF] Application Starting up
2021-10-02 01:47:22.119 +06:00 [INF] User logged in.
2021-10-02 01:52:47.554 +06:00 [INF] Application Starting up
2021-10-02 01:52:54.769 +06:00 [INF] User logged in.
2021-10-02 01:55:46.234 +06:00 [INF] Application Starting up
2021-10-02 01:55:53.005 +06:00 [INF] User logged in.
2021-10-02 01:56:40.758 +06:00 [INF] Application Starting up
2021-10-02 01:56:46.929 +06:00 [INF] User logged in.
2021-10-02 02:57:36.191 +06:00 [INF] Application Starting up
2021-10-02 02:57:42.348 +06:00 [INF] User logged in.
2021-10-02 03:04:21.767 +06:00 [INF] Application Starting up
2021-10-02 03:04:32.187 +06:00 [INF] User logged in.
2021-10-02 03:05:20.221 +06:00 [INF] Application Starting up
2021-10-02 03:05:26.570 +06:00 [INF] User logged in.
2021-10-02 03:07:33.515 +06:00 [INF] Application Starting up
2021-10-02 03:07:39.913 +06:00 [INF] User logged in.
2021-10-02 03:09:00.167 +06:00 [INF] Application Starting up
2021-10-02 03:09:06.508 +06:00 [INF] User logged in.
2021-10-02 03:09:43.979 +06:00 [ERR] An unhandled exception has occurred while executing the request.
System.ArgumentNullException: Value cannot be null. (Parameter 'Table can't be null')
   at OfficeOpenXml.LoadFunctions.LoadFromDataTable.Load()
   at OfficeOpenXml.ExcelRangeBase.LoadFromDataTable(DataTable Table, Boolean PrintHeaders, TableStyles TableStyle)
   at OfficeOpenXml.ExcelRangeBase.LoadFromDataTable(DataTable Table, Boolean PrintHeaders)
   at DataImporter.Web.Models.ExcelData.ExcelFromDatabase.GetExcelDatabaseForHistory(Int32 groupId, Int32 excelLastDataId) in F:\code\aspnetmvcEXAMAssignment\Devskill-aspnetb5\DataImporter\DataImporter.Web\Models\ExcelData\ExcelFromDatabase.cs:line 99
   at DataImporter.Web.Controllers.DashboardController.Download(Int32 id) in F:\code\aspnetmvcEXAMAssignment\Devskill-aspnetb5\DataImporter\DataImporter.Web\Controllers\DashboardController.cs:line 207
   at lambda_method860(Closure , Object , Object[] )
   at Microsoft.AspNetCore.Mvc.Infrastructure.ActionMethodExecutor.SyncActionResultExecutor.Execute(IActionResultTypeMapper mapper, ObjectMethodExecutor executor, Object controller, Object[] arguments)
   at Microsoft.AspNetCore.Mvc.Infrastructure.ControllerActionInvoker.InvokeActionMethodAsync()
   at Microsoft.AspNetCore.Mvc.Infrastructure.ControllerActionInvoker.Next(State& next, Scope& scope, Object& state, Boolean& isCompleted)
   at Microsoft.AspNetCore.Mvc.Infrastructure.ControllerActionInvoker.InvokeNextActionFilterAsync()
--- End of stack trace from previous location ---
   at Microsoft.AspNetCore.Mvc.Infrastructure.ControllerActionInvoker.Rethrow(ActionExecutedContextSealed context)
   at Microsoft.AspNetCore.Mvc.Infrastructure.ControllerActionInvoker.Next(State& next, Scope& scope, Object& state, Boolean& isCompleted)
   at Microsoft.AspNetCore.Mvc.Infrastructure.ControllerActionInvoker.InvokeInnerFilterAsync()
--- End of stack trace from previous location ---
   at Microsoft.AspNetCore.Mvc.Infrastructure.ResourceInvoker.<InvokeNextResourceFilter>g__Awaited|24_0(ResourceInvoker invoker, Task lastTask, State next, Scope scope, Object state, Boolean isCompleted)
   at Microsoft.AspNetCore.Mvc.Infrastructure.ResourceInvoker.Rethrow(ResourceExecutedContextSealed context)
   at Microsoft.AspNetCore.Mvc.Infrastructure.ResourceInvoker.Next(State& next, Scope& scope, Object& state, Boolean& isCompleted)
   at Microsoft.AspNetCore.Mvc.Infrastructure.ResourceInvoker.InvokeFilterPipelineAsync()
--- End of stack trace from previous location ---
   at Microsoft.AspNetCore.Mvc.Infrastructure.ResourceInvoker.<InvokeAsync>g__Awaited|17_0(ResourceInvoker invoker, Task task, IDisposable scope)
   at Microsoft.AspNetCore.Routing.EndpointMiddleware.<Invoke>g__AwaitRequestTask|6_0(Endpoint endpoint, Task requestTask, ILogger logger)
   at Microsoft.AspNetCore.Session.SessionMiddleware.Invoke(HttpContext context)
   at Microsoft.AspNetCore.Session.SessionMiddleware.Invoke(HttpContext context)
   at Microsoft.AspNetCore.Authorization.Policy.AuthorizationMiddlewareResultHandler.HandleAsync(RequestDelegate next, HttpContext context, AuthorizationPolicy policy, PolicyAuthorizationResult authorizeResult)
   at Microsoft.AspNetCore.Authorization.AuthorizationMiddleware.Invoke(HttpContext context)
   at Microsoft.AspNetCore.Authentication.AuthenticationMiddleware.Invoke(HttpContext context)
   at Microsoft.AspNetCore.Diagnostics.EntityFrameworkCore.MigrationsEndPointMiddleware.Invoke(HttpContext context)
   at Microsoft.AspNetCore.Diagnostics.DeveloperExceptionPageMiddleware.Invoke(HttpContext context)
2021-10-02 03:09:44.371 +06:00 [ERR] An exception occurred while calculating the database error page content. Skipping display of the database error page.
System.InvalidOperationException: StatusCode cannot be set because the response has already started.
   at Microsoft.AspNetCore.Server.IIS.Core.IISHttpContext.ThrowResponseAlreadyStartedException(String name)
   at Microsoft.AspNetCore.Server.IIS.Core.IISHttpContext.set_StatusCode(Int32 value)
   at Microsoft.AspNetCore.Diagnostics.EntityFrameworkCore.Views.DatabaseErrorPage.ExecuteAsync()
   at Microsoft.Extensions.RazorViews.BaseView.ExecuteAsync(HttpContext context)
   at Microsoft.AspNetCore.Diagnostics.EntityFrameworkCore.DatabaseDeveloperPageExceptionFilter.HandleExceptionAsync(ErrorContext errorContext, Func`2 next)
2021-10-02 03:10:09.070 +06:00 [INF] Application Starting up
2021-10-02 03:10:15.060 +06:00 [INF] User logged in.
2021-10-02 03:13:10.222 +06:00 [INF] Application Starting up
2021-10-02 03:13:16.917 +06:00 [INF] User logged in.
2021-10-02 03:14:04.653 +06:00 [INF] Application Starting up
2021-10-02 03:14:10.670 +06:00 [INF] User logged in.
