2021-09-26 00:37:24.471 +06:00 [INF] Application Starting up
2021-09-26 00:37:43.641 +06:00 [INF] User logged in.
2021-09-26 00:42:00.399 +06:00 [INF] Application Starting up
2021-09-26 00:42:12.357 +06:00 [INF] User logged in.
2021-09-26 00:43:54.598 +06:00 [INF] Application Starting up
2021-09-26 00:44:06.383 +06:00 [INF] User logged in.
2021-09-26 00:45:47.530 +06:00 [INF] Application Starting up
2021-09-26 00:45:58.515 +06:00 [INF] User logged in.
2021-09-26 00:54:22.405 +06:00 [INF] Application Starting up
2021-09-26 00:54:31.941 +06:00 [INF] User logged in.
2021-09-26 00:56:30.222 +06:00 [INF] Application Starting up
2021-09-26 00:56:41.267 +06:00 [INF] User logged in.
2021-09-26 00:57:51.053 +06:00 [INF] Application Starting up
2021-09-26 00:58:03.491 +06:00 [INF] User logged in.
2021-09-26 01:00:30.260 +06:00 [INF] Application Starting up
2021-09-26 01:00:44.158 +06:00 [INF] User logged in.
2021-09-26 01:01:59.049 +06:00 [INF] Application Starting up
2021-09-26 01:02:13.313 +06:00 [INF] User logged in.
2021-09-26 01:10:41.853 +06:00 [INF] Application Starting up
2021-09-26 01:10:52.631 +06:00 [INF] User logged in.
2021-09-26 01:13:39.131 +06:00 [INF] Application Starting up
2021-09-26 01:13:49.550 +06:00 [INF] User logged in.
2021-09-26 01:19:41.486 +06:00 [INF] Application Starting up
2021-09-26 01:19:51.480 +06:00 [WRN] Invalid password for user.
2021-09-26 01:19:51.483 +06:00 [WRN] User failed to provide the correct password.
2021-09-26 01:19:56.424 +06:00 [INF] User logged in.
2021-09-26 01:20:44.197 +06:00 [INF] Application Starting up
2021-09-26 01:20:54.932 +06:00 [INF] User logged in.
2021-09-26 01:21:46.327 +06:00 [INF] Application Starting up
2021-09-26 01:21:56.189 +06:00 [INF] User logged in.
2021-09-26 02:03:07.495 +06:00 [INF] Application Starting up
2021-09-26 02:03:20.734 +06:00 [INF] User logged in.
2021-09-26 04:09:37.998 +06:00 [INF] Application Starting up
2021-09-26 04:09:50.155 +06:00 [INF] User logged in.
2021-09-26 04:10:55.592 +06:00 [INF] Application Starting up
2021-09-26 04:11:05.736 +06:00 [INF] User logged in.
2021-09-26 04:12:43.187 +06:00 [INF] Application Starting up
2021-09-26 04:12:55.186 +06:00 [INF] User logged in.
2021-09-26 04:16:25.442 +06:00 [INF] Application Starting up
2021-09-26 04:16:36.747 +06:00 [INF] User logged in.
2021-09-26 04:19:43.410 +06:00 [INF] Application Starting up
2021-09-26 04:19:54.243 +06:00 [INF] User logged in.
2021-09-26 04:22:40.244 +06:00 [INF] Application Starting up
2021-09-26 04:22:50.197 +06:00 [INF] User logged in.
2021-09-26 04:23:11.718 +06:00 [INF] Application Starting up
2021-09-26 04:25:04.148 +06:00 [INF] Application Starting up
2021-09-26 04:25:15.596 +06:00 [WRN] Invalid password for user.
2021-09-26 04:25:15.599 +06:00 [WRN] User failed to provide the correct password.
2021-09-26 04:25:24.044 +06:00 [INF] User logged in.
2021-09-26 04:28:09.689 +06:00 [INF] Application Starting up
2021-09-26 04:28:19.732 +06:00 [INF] User logged in.
2021-09-26 04:29:30.379 +06:00 [INF] Application Starting up
2021-09-26 04:29:42.111 +06:00 [INF] User logged in.
2021-09-26 04:31:51.153 +06:00 [INF] Application Starting up
2021-09-26 04:32:03.731 +06:00 [INF] User logged in.
2021-09-26 04:35:56.332 +06:00 [INF] User logged out.
2021-09-26 04:51:24.513 +06:00 [INF] Application Starting up
