2021-09-08 07:20:04.792 +06:00 [INF] Application Starting up
2021-09-08 08:17:05.797 +06:00 [INF] Application Starting up
2021-09-08 08:27:25.818 +06:00 [INF] Application Starting up
2021-09-08 08:27:39.201 +06:00 [ERR] An unhandled exception has occurred while executing the request.
System.InvalidOperationException: RenderBody invocation in '/Views/Dashboard/Index.cshtml' is invalid. RenderBody can only be called from a layout page.
   at Microsoft.AspNetCore.Mvc.Razor.RazorPage.RenderBody()
   at AspNetCore.Views_Dashboard_Index.<ExecuteAsync>b__9_1() in F:\code\AspnetmvcClass\DataImporter\DataImporter.Web\Views\Dashboard\Index.cshtml:line 904
   at Microsoft.AspNetCore.Razor.Runtime.TagHelpers.TagHelperExecutionContext.SetOutputContentAsync()
   at AspNetCore.Views_Dashboard_Index.ExecuteAsync() in F:\code\AspnetmvcClass\DataImporter\DataImporter.Web\Views\Dashboard\Index.cshtml:line 3
   at Microsoft.AspNetCore.Mvc.Razor.RazorView.RenderPageCoreAsync(IRazorPage page, ViewContext context)
   at Microsoft.AspNetCore.Mvc.Razor.RazorView.RenderPageAsync(IRazorPage page, ViewContext context, Boolean invokeViewStarts)
   at Microsoft.AspNetCore.Mvc.Razor.RazorView.RenderAsync(ViewContext context)
   at Microsoft.AspNetCore.Mvc.ViewFeatures.ViewExecutor.ExecuteAsync(ViewContext viewContext, String contentType, Nullable`1 statusCode)
   at Microsoft.AspNetCore.Mvc.ViewFeatures.ViewExecutor.ExecuteAsync(ViewContext viewContext, String contentType, Nullable`1 statusCode)
   at Microsoft.AspNetCore.Mvc.ViewFeatures.ViewExecutor.ExecuteAsync(ActionContext actionContext, IView view, ViewDataDictionary viewData, ITempDataDictionary tempData, String contentType, Nullable`1 statusCode)
   at Microsoft.AspNetCore.Mvc.ViewFeatures.ViewResultExecutor.ExecuteAsync(ActionContext context, ViewResult result)
   at Microsoft.AspNetCore.Mvc.ViewResult.ExecuteResultAsync(ActionContext context)
   at Microsoft.AspNetCore.Mvc.Infrastructure.ResourceInvoker.<InvokeNextResultFilterAsync>g__Awaited|29_0[TFilter,TFilterAsync](ResourceInvoker invoker, Task lastTask, State next, Scope scope, Object state, Boolean isCompleted)
   at Microsoft.AspNetCore.Mvc.Infrastructure.ResourceInvoker.Rethrow(ResultExecutedContextSealed context)
   at Microsoft.AspNetCore.Mvc.Infrastructure.ResourceInvoker.ResultNext[TFilter,TFilterAsync](State& next, Scope& scope, Object& state, Boolean& isCompleted)
   at Microsoft.AspNetCore.Mvc.Infrastructure.ResourceInvoker.InvokeResultFilters()
--- End of stack trace from previous location ---
   at Microsoft.AspNetCore.Mvc.Infrastructure.ResourceInvoker.<InvokeNextResourceFilter>g__Awaited|24_0(ResourceInvoker invoker, Task lastTask, State next, Scope scope, Object state, Boolean isCompleted)
   at Microsoft.AspNetCore.Mvc.Infrastructure.ResourceInvoker.Rethrow(ResourceExecutedContextSealed context)
   at Microsoft.AspNetCore.Mvc.Infrastructure.ResourceInvoker.Next(State& next, Scope& scope, Object& state, Boolean& isCompleted)
   at Microsoft.AspNetCore.Mvc.Infrastructure.ResourceInvoker.InvokeFilterPipelineAsync()
--- End of stack trace from previous location ---
   at Microsoft.AspNetCore.Mvc.Infrastructure.ResourceInvoker.<InvokeAsync>g__Awaited|17_0(ResourceInvoker invoker, Task task, IDisposable scope)
   at Microsoft.AspNetCore.Routing.EndpointMiddleware.<Invoke>g__AwaitRequestTask|6_0(Endpoint endpoint, Task requestTask, ILogger logger)
   at Microsoft.AspNetCore.Session.SessionMiddleware.Invoke(HttpContext context)
   at Microsoft.AspNetCore.Session.SessionMiddleware.Invoke(HttpContext context)
   at Microsoft.AspNetCore.Authorization.AuthorizationMiddleware.Invoke(HttpContext context)
   at Microsoft.AspNetCore.Authentication.AuthenticationMiddleware.Invoke(HttpContext context)
   at Microsoft.AspNetCore.Diagnostics.EntityFrameworkCore.MigrationsEndPointMiddleware.Invoke(HttpContext context)
   at Microsoft.AspNetCore.Diagnostics.DeveloperExceptionPageMiddleware.Invoke(HttpContext context)
2021-09-08 08:29:42.010 +06:00 [INF] Application Starting up
2021-09-08 08:33:18.305 +06:00 [INF] Application Starting up
2021-09-08 08:33:34.371 +06:00 [INF] Application Starting up
2021-09-08 08:37:45.025 +06:00 [INF] Application Starting up
2021-09-08 08:43:07.140 +06:00 [INF] Application Starting up
2021-09-08 08:43:39.341 +06:00 [INF] Application Starting up
2021-09-08 08:44:57.944 +06:00 [INF] Application Starting up
2021-09-08 08:45:21.004 +06:00 [INF] Application Starting up
2021-09-08 08:46:17.053 +06:00 [INF] Application Starting up
2021-09-08 08:47:24.128 +06:00 [INF] Application Starting up
2021-09-08 08:49:25.089 +06:00 [INF] Application Starting up
2021-09-08 08:59:32.141 +06:00 [INF] Application Starting up
2021-09-08 09:01:15.008 +06:00 [INF] Application Starting up
2021-09-08 09:04:30.884 +06:00 [INF] Application Starting up
2021-09-08 09:12:02.530 +06:00 [INF] Application Starting up
2021-09-08 09:24:39.525 +06:00 [INF] Application Starting up
2021-09-08 09:25:12.437 +06:00 [INF] Application Starting up
2021-09-08 09:28:16.450 +06:00 [INF] Application Starting up
2021-09-08 11:06:16.897 +06:00 [INF] Application Starting up
2021-09-08 11:11:41.878 +06:00 [INF] Application Starting up
2021-09-08 11:22:21.182 +06:00 [INF] Application Starting up
2021-09-08 11:22:23.325 +06:00 [ERR] An unhandled exception has occurred while executing the request.
System.InvalidOperationException: RenderBody has not been called for the page at '/Views/Shared/_Layout.cshtml'. To ignore call IgnoreBody().
   at Microsoft.AspNetCore.Mvc.Razor.RazorPage.EnsureRenderedBodyOrSections()
   at Microsoft.AspNetCore.Mvc.Razor.RazorView.RenderLayoutAsync(ViewContext context, ViewBufferTextWriter bodyWriter)
   at Microsoft.AspNetCore.Mvc.Razor.RazorView.RenderAsync(ViewContext context)
   at Microsoft.AspNetCore.Mvc.ViewFeatures.ViewExecutor.ExecuteAsync(ViewContext viewContext, String contentType, Nullable`1 statusCode)
   at Microsoft.AspNetCore.Mvc.ViewFeatures.ViewExecutor.ExecuteAsync(ViewContext viewContext, String contentType, Nullable`1 statusCode)
   at Microsoft.AspNetCore.Mvc.ViewFeatures.ViewExecutor.ExecuteAsync(ActionContext actionContext, IView view, ViewDataDictionary viewData, ITempDataDictionary tempData, String contentType, Nullable`1 statusCode)
   at Microsoft.AspNetCore.Mvc.ViewFeatures.ViewResultExecutor.ExecuteAsync(ActionContext context, ViewResult result)
   at Microsoft.AspNetCore.Mvc.ViewResult.ExecuteResultAsync(ActionContext context)
   at Microsoft.AspNetCore.Mvc.Infrastructure.ResourceInvoker.<InvokeNextResultFilterAsync>g__Awaited|29_0[TFilter,TFilterAsync](ResourceInvoker invoker, Task lastTask, State next, Scope scope, Object state, Boolean isCompleted)
   at Microsoft.AspNetCore.Mvc.Infrastructure.ResourceInvoker.Rethrow(ResultExecutedContextSealed context)
   at Microsoft.AspNetCore.Mvc.Infrastructure.ResourceInvoker.ResultNext[TFilter,TFilterAsync](State& next, Scope& scope, Object& state, Boolean& isCompleted)
   at Microsoft.AspNetCore.Mvc.Infrastructure.ResourceInvoker.InvokeResultFilters()
--- End of stack trace from previous location ---
   at Microsoft.AspNetCore.Mvc.Infrastructure.ResourceInvoker.<InvokeNextResourceFilter>g__Awaited|24_0(ResourceInvoker invoker, Task lastTask, State next, Scope scope, Object state, Boolean isCompleted)
   at Microsoft.AspNetCore.Mvc.Infrastructure.ResourceInvoker.Rethrow(ResourceExecutedContextSealed context)
   at Microsoft.AspNetCore.Mvc.Infrastructure.ResourceInvoker.Next(State& next, Scope& scope, Object& state, Boolean& isCompleted)
   at Microsoft.AspNetCore.Mvc.Infrastructure.ResourceInvoker.InvokeFilterPipelineAsync()
--- End of stack trace from previous location ---
   at Microsoft.AspNetCore.Mvc.Infrastructure.ResourceInvoker.<InvokeAsync>g__Awaited|17_0(ResourceInvoker invoker, Task task, IDisposable scope)
   at Microsoft.AspNetCore.Routing.EndpointMiddleware.<Invoke>g__AwaitRequestTask|6_0(Endpoint endpoint, Task requestTask, ILogger logger)
   at Microsoft.AspNetCore.Session.SessionMiddleware.Invoke(HttpContext context)
   at Microsoft.AspNetCore.Session.SessionMiddleware.Invoke(HttpContext context)
   at Microsoft.AspNetCore.Authorization.AuthorizationMiddleware.Invoke(HttpContext context)
   at Microsoft.AspNetCore.Authentication.AuthenticationMiddleware.Invoke(HttpContext context)
   at Microsoft.AspNetCore.Diagnostics.EntityFrameworkCore.MigrationsEndPointMiddleware.Invoke(HttpContext context)
   at Microsoft.AspNetCore.Diagnostics.DeveloperExceptionPageMiddleware.Invoke(HttpContext context)
2021-09-08 11:26:28.314 +06:00 [INF] Application Starting up
2021-09-08 11:29:28.232 +06:00 [INF] Application Starting up
2021-09-08 11:31:50.192 +06:00 [INF] Application Starting up
2021-09-08 12:09:21.331 +06:00 [INF] Application Starting up
2021-09-08 12:10:16.131 +06:00 [INF] Application Starting up
2021-09-08 12:16:37.663 +06:00 [INF] Application Starting up
2021-09-08 13:08:58.581 +06:00 [INF] Application Starting up
2021-09-08 13:20:38.432 +06:00 [INF] Application Starting up
2021-09-08 13:28:28.787 +06:00 [INF] Application Starting up
2021-09-08 13:47:29.784 +06:00 [INF] Application Starting up
2021-09-08 13:49:39.142 +06:00 [INF] Application Starting up
2021-09-08 14:03:47.225 +06:00 [INF] Application Starting up
2021-09-08 14:05:13.647 +06:00 [INF] Application Starting up
2021-09-08 14:14:36.708 +06:00 [INF] Application Starting up
2021-09-08 14:16:46.020 +06:00 [INF] Application Starting up
2021-09-08 14:17:23.232 +06:00 [INF] Application Starting up
2021-09-08 14:18:01.181 +06:00 [INF] Application Starting up
2021-09-08 14:23:39.641 +06:00 [INF] Application Starting up
2021-09-08 14:23:41.842 +06:00 [ERR] An unhandled exception has occurred while executing the request.
System.InvalidOperationException: The partial view '_AdminMenuPartial' was not found. The following locations were searched:
/Views/Dashboard/_AdminMenuPartial.cshtml
/Views/Shared/_AdminMenuPartial.cshtml
/Pages/Shared/_AdminMenuPartial.cshtml
   at Microsoft.AspNetCore.Mvc.TagHelpers.PartialTagHelper.ProcessAsync(TagHelperContext context, TagHelperOutput output)
   at Microsoft.AspNetCore.Razor.Runtime.TagHelpers.TagHelperRunner.<RunAsync>g__Awaited|0_0(Task task, TagHelperExecutionContext executionContext, Int32 i, Int32 count)
   at AspNetCore.Views_Shared__Layout.<ExecuteAsync>b__11_1() in F:\code\AspnetmvcClass\DataImporter\DataImporter.Web\Views\Shared\_Layout.cshtml:line 52
   at Microsoft.AspNetCore.Razor.Runtime.TagHelpers.TagHelperExecutionContext.SetOutputContentAsync()
   at AspNetCore.Views_Shared__Layout.ExecuteAsync()
   at Microsoft.AspNetCore.Mvc.Razor.RazorView.RenderPageCoreAsync(IRazorPage page, ViewContext context)
   at Microsoft.AspNetCore.Mvc.Razor.RazorView.RenderPageAsync(IRazorPage page, ViewContext context, Boolean invokeViewStarts)
   at Microsoft.AspNetCore.Mvc.Razor.RazorView.RenderLayoutAsync(ViewContext context, ViewBufferTextWriter bodyWriter)
   at Microsoft.AspNetCore.Mvc.Razor.RazorView.RenderAsync(ViewContext context)
   at Microsoft.AspNetCore.Mvc.ViewFeatures.ViewExecutor.ExecuteAsync(ViewContext viewContext, String contentType, Nullable`1 statusCode)
   at Microsoft.AspNetCore.Mvc.ViewFeatures.ViewExecutor.ExecuteAsync(ViewContext viewContext, String contentType, Nullable`1 statusCode)
   at Microsoft.AspNetCore.Mvc.ViewFeatures.ViewExecutor.ExecuteAsync(ActionContext actionContext, IView view, ViewDataDictionary viewData, ITempDataDictionary tempData, String contentType, Nullable`1 statusCode)
   at Microsoft.AspNetCore.Mvc.ViewFeatures.ViewResultExecutor.ExecuteAsync(ActionContext context, ViewResult result)
   at Microsoft.AspNetCore.Mvc.ViewResult.ExecuteResultAsync(ActionContext context)
   at Microsoft.AspNetCore.Mvc.Infrastructure.ResourceInvoker.<InvokeNextResultFilterAsync>g__Awaited|29_0[TFilter,TFilterAsync](ResourceInvoker invoker, Task lastTask, State next, Scope scope, Object state, Boolean isCompleted)
   at Microsoft.AspNetCore.Mvc.Infrastructure.ResourceInvoker.Rethrow(ResultExecutedContextSealed context)
   at Microsoft.AspNetCore.Mvc.Infrastructure.ResourceInvoker.ResultNext[TFilter,TFilterAsync](State& next, Scope& scope, Object& state, Boolean& isCompleted)
   at Microsoft.AspNetCore.Mvc.Infrastructure.ResourceInvoker.InvokeResultFilters()
--- End of stack trace from previous location ---
   at Microsoft.AspNetCore.Mvc.Infrastructure.ResourceInvoker.<InvokeNextResourceFilter>g__Awaited|24_0(ResourceInvoker invoker, Task lastTask, State next, Scope scope, Object state, Boolean isCompleted)
   at Microsoft.AspNetCore.Mvc.Infrastructure.ResourceInvoker.Rethrow(ResourceExecutedContextSealed context)
   at Microsoft.AspNetCore.Mvc.Infrastructure.ResourceInvoker.Next(State& next, Scope& scope, Object& state, Boolean& isCompleted)
   at Microsoft.AspNetCore.Mvc.Infrastructure.ResourceInvoker.InvokeFilterPipelineAsync()
--- End of stack trace from previous location ---
   at Microsoft.AspNetCore.Mvc.Infrastructure.ResourceInvoker.<InvokeAsync>g__Awaited|17_0(ResourceInvoker invoker, Task task, IDisposable scope)
   at Microsoft.AspNetCore.Routing.EndpointMiddleware.<Invoke>g__AwaitRequestTask|6_0(Endpoint endpoint, Task requestTask, ILogger logger)
   at Microsoft.AspNetCore.Session.SessionMiddleware.Invoke(HttpContext context)
   at Microsoft.AspNetCore.Session.SessionMiddleware.Invoke(HttpContext context)
   at Microsoft.AspNetCore.Authorization.AuthorizationMiddleware.Invoke(HttpContext context)
   at Microsoft.AspNetCore.Authentication.AuthenticationMiddleware.Invoke(HttpContext context)
   at Microsoft.AspNetCore.Diagnostics.EntityFrameworkCore.MigrationsEndPointMiddleware.Invoke(HttpContext context)
   at Microsoft.AspNetCore.Diagnostics.DeveloperExceptionPageMiddleware.Invoke(HttpContext context)
2021-09-08 14:23:58.653 +06:00 [INF] Application Starting up
2021-09-08 14:28:00.034 +06:00 [INF] Application Starting up
2021-09-08 14:29:21.960 +06:00 [INF] Application Starting up
2021-09-08 14:31:10.201 +06:00 [INF] Application Starting up
2021-09-08 14:32:44.331 +06:00 [INF] Application Starting up
2021-09-08 14:35:47.540 +06:00 [INF] Application Starting up
2021-09-08 14:37:05.282 +06:00 [INF] Application Starting up
2021-09-08 14:39:06.962 +06:00 [INF] Application Starting up
2021-09-08 14:39:55.427 +06:00 [INF] Application Starting up
2021-09-08 14:40:37.182 +06:00 [INF] Application Starting up
2021-09-08 14:41:51.772 +06:00 [INF] Application Starting up
2021-09-08 14:43:00.374 +06:00 [INF] Application Starting up
2021-09-08 14:43:36.717 +06:00 [INF] Application Starting up
2021-09-08 14:45:51.293 +06:00 [INF] Application Starting up
2021-09-08 14:47:11.995 +06:00 [INF] Application Starting up
2021-09-08 14:48:51.500 +06:00 [INF] Application Starting up
2021-09-08 14:50:23.951 +06:00 [INF] Application Starting up
2021-09-08 14:52:00.866 +06:00 [INF] Application Starting up
2021-09-08 14:54:26.011 +06:00 [INF] Application Starting up
2021-09-08 14:55:21.458 +06:00 [INF] Application Starting up
2021-09-08 14:56:03.754 +06:00 [INF] Application Starting up
2021-09-08 15:07:01.889 +06:00 [INF] Application Starting up
2021-09-08 15:09:13.669 +06:00 [INF] Application Starting up
2021-09-08 15:12:34.194 +06:00 [INF] Application Starting up
2021-09-08 15:24:37.968 +06:00 [INF] Application Starting up
2021-09-08 15:33:13.336 +06:00 [INF] Application Starting up
2021-09-08 15:37:05.375 +06:00 [INF] Application Starting up
2021-09-08 15:41:19.338 +06:00 [INF] Application Starting up
2021-09-08 18:02:00.006 +06:00 [INF] Application Starting up
2021-09-08 18:19:56.421 +06:00 [INF] Application Starting up
2021-09-08 18:50:14.690 +06:00 [INF] Application Starting up
2021-09-08 19:05:31.734 +06:00 [INF] Application Starting up
2021-09-08 19:06:42.484 +06:00 [INF] Application Starting up
2021-09-08 19:08:55.843 +06:00 [INF] Application Starting up
2021-09-08 19:14:52.682 +06:00 [INF] Application Starting up
2021-09-08 19:16:16.060 +06:00 [INF] Application Starting up
2021-09-08 19:17:57.814 +06:00 [INF] Application Starting up
2021-09-08 19:45:14.649 +06:00 [INF] Application Starting up
2021-09-08 19:46:09.267 +06:00 [INF] Application Starting up
2021-09-08 19:48:42.818 +06:00 [INF] Application Starting up
2021-09-08 19:49:40.536 +06:00 [INF] Application Starting up
2021-09-08 19:50:21.194 +06:00 [INF] Application Starting up
2021-09-08 19:51:48.662 +06:00 [INF] Application Starting up
2021-09-08 19:53:02.506 +06:00 [INF] Application Starting up
2021-09-08 19:54:10.324 +06:00 [INF] Application Starting up
2021-09-08 19:58:04.611 +06:00 [INF] Application Starting up
2021-09-08 20:01:38.483 +06:00 [INF] Application Starting up
2021-09-08 20:02:20.124 +06:00 [INF] Application Starting up
2021-09-08 20:15:26.753 +06:00 [INF] Application Starting up
2021-09-08 20:16:00.647 +06:00 [INF] Application Starting up
2021-09-08 20:16:55.256 +06:00 [INF] Application Starting up
2021-09-08 20:24:45.160 +06:00 [INF] Application Starting up
2021-09-08 20:32:54.954 +06:00 [INF] Application Starting up
2021-09-08 20:34:26.229 +06:00 [INF] Application Starting up
2021-09-08 20:37:15.494 +06:00 [INF] Application Starting up
2021-09-08 20:46:23.883 +06:00 [INF] Application Starting up
2021-09-08 20:47:03.755 +06:00 [INF] Application Starting up
2021-09-08 20:48:05.360 +06:00 [INF] Application Starting up
2021-09-08 20:59:14.357 +06:00 [INF] Application Starting up
2021-09-08 21:01:52.732 +06:00 [INF] Application Starting up
2021-09-08 21:02:27.517 +06:00 [INF] Application Starting up
2021-09-08 21:04:32.622 +06:00 [INF] Application Starting up
2021-09-08 21:05:57.774 +06:00 [INF] Application Starting up
2021-09-08 21:06:46.784 +06:00 [INF] Application Starting up
2021-09-08 21:07:50.631 +06:00 [INF] Application Starting up
2021-09-08 21:16:08.336 +06:00 [INF] Application Starting up
2021-09-08 21:19:10.014 +06:00 [INF] Application Starting up
2021-09-08 21:21:33.023 +06:00 [INF] Application Starting up
2021-09-08 21:35:45.599 +06:00 [INF] Application Starting up
2021-09-08 21:37:54.588 +06:00 [INF] Application Starting up
2021-09-08 21:40:36.242 +06:00 [INF] Application Starting up
2021-09-08 21:46:53.472 +06:00 [INF] Application Starting up
2021-09-08 21:48:42.519 +06:00 [INF] Application Starting up
2021-09-08 22:31:35.141 +06:00 [INF] Application Starting up
